

Started GET "/assets/rails.png" for 127.0.0.1 at 2011-12-21 11:55:07 +0100
Served asset /rails.png - 200 OK (25ms)


Started GET "/" for 127.0.0.1 at 2011-12-21 11:55:40 +0100

ActionController::RoutingError (No route matches [GET] "/"):
  

Rendered /home/mszczerbowska/.rvm/gems/ruby-1.9.3-rc1/gems/actionpack-3.1.3/lib/action_dispatch/middleware/templates/rescues/routing_error.erb within rescues/layout (3.4ms)


Started GET "/search" for 127.0.0.1 at 2011-12-21 11:55:46 +0100

ActionController::RoutingError (No route matches [GET] "/search"):
  

Rendered /home/mszczerbowska/.rvm/gems/ruby-1.9.3-rc1/gems/actionpack-3.1.3/lib/action_dispatch/middleware/templates/rescues/routing_error.erb within rescues/layout (0.6ms)


Started GET "/home" for 127.0.0.1 at 2011-12-21 11:55:58 +0100

ActionController::RoutingError (No route matches [GET] "/home"):
  

Rendered /home/mszczerbowska/.rvm/gems/ruby-1.9.3-rc1/gems/actionpack-3.1.3/lib/action_dispatch/middleware/templates/rescues/routing_error.erb within rescues/layout (0.5ms)


Started GET "/search" for 127.0.0.1 at 2011-12-21 11:57:32 +0100
  Processing by SearchController#index as HTML
Completed 500 Internal Server Error in 1ms

NameError (uninitialized constant SearchController::Koala):
  app/controllers/search_controller.rb:3:in `index'

Rendered /home/mszczerbowska/.rvm/gems/ruby-1.9.3-rc1/gems/actionpack-3.1.3/lib/action_dispatch/middleware/templates/rescues/_trace.erb (1.2ms)
Rendered /home/mszczerbowska/.rvm/gems/ruby-1.9.3-rc1/gems/actionpack-3.1.3/lib/action_dispatch/middleware/templates/rescues/_request_and_response.erb (1.0ms)
Rendered /home/mszczerbowska/.rvm/gems/ruby-1.9.3-rc1/gems/actionpack-3.1.3/lib/action_dispatch/middleware/templates/rescues/diagnostics.erb within rescues/layout (7.1ms)


Started GET "/" for 127.0.0.1 at 2011-12-29 12:26:26 +0100

AbstractController::ActionNotFound (The action 'index' could not be found for MainController):
  

Rendered /home/magda/.rvm/gems/ruby-1.9.3-rc1/gems/actionpack-3.1.3/lib/action_dispatch/middleware/templates/rescues/unknown_action.erb within rescues/layout (4.1ms)


Started GET "/" for 127.0.0.1 at 2011-12-29 12:41:31 +0100

AbstractController::ActionNotFound (The action 'index' could not be found for MainController):
  

Rendered /home/magda/.rvm/gems/ruby-1.9.3-rc1/gems/actionpack-3.1.3/lib/action_dispatch/middleware/templates/rescues/unknown_action.erb within rescues/layout (0.6ms)


Started GET "/" for 127.0.0.1 at 2011-12-29 12:48:23 +0100
  Processing by MainController#index as HTML
Rendered main/index.html.erb within layouts/application (137.4ms)
Completed 500 Internal Server Error in 144ms

ActionView::Template::Error (undefined local variable or method `index_search_path' for #<#<Class:0xad91afc>:0xad8fe64>):
    1: <% form_tag index_search_path do %>
    2:     <%= text_field_tag :my_input %>
    3:     <%= submit_tag "Send input" %>
    4: <% end %>
  app/views/main/index.html.erb:1:in `_app_views_main_index_html_erb___440460818_91053420'

Rendered /home/magda/.rvm/gems/ruby-1.9.3-rc1/gems/actionpack-3.1.3/lib/action_dispatch/middleware/templates/rescues/_trace.erb (1.7ms)
Rendered /home/magda/.rvm/gems/ruby-1.9.3-rc1/gems/actionpack-3.1.3/lib/action_dispatch/middleware/templates/rescues/_request_and_response.erb (1.2ms)
Rendered /home/magda/.rvm/gems/ruby-1.9.3-rc1/gems/actionpack-3.1.3/lib/action_dispatch/middleware/templates/rescues/template_error.erb within rescues/layout (39.8ms)


Started GET "/" for 127.0.0.1 at 2011-12-29 12:48:47 +0100
  Processing by MainController#index as HTML
Rendered main/index.html.erb within layouts/application (1.5ms)
Completed 500 Internal Server Error in 7ms

ActionView::Template::Error (No route matches {:action=>"show", :controller=>"search"}):
    1: <% form_tag search_path do %>
    2:     <%= text_field_tag :my_input %>
    3:     <%= submit_tag "Send input" %>
    4: <% end %>
  app/views/main/index.html.erb:1:in `_app_views_main_index_html_erb___440460818_91799150'

Rendered /home/magda/.rvm/gems/ruby-1.9.3-rc1/gems/actionpack-3.1.3/lib/action_dispatch/middleware/templates/rescues/routing_error.erb within rescues/layout (0.7ms)


Started GET "/" for 127.0.0.1 at 2011-12-29 12:49:01 +0100
  Processing by MainController#index as HTML
Rendered main/index.html.erb within layouts/application (5.0ms)
Compiled application.css  (4ms)  (pid 6309)
Compiled main.css  (39ms)  (pid 6309)
Compiled search.css  (1ms)  (pid 6309)
Compiled application.js  (29ms)  (pid 6309)
Compiled jquery.js  (18ms)  (pid 6309)
Compiled jquery_ujs.js  (24ms)  (pid 6309)
Compiled main.js  (134ms)  (pid 6309)
Compiled search.js  (0ms)  (pid 6309)
Completed 200 OK in 506ms (Views: 501.6ms | ActiveRecord: 0.0ms)


Started GET "/assets/application.css?body=1" for 127.0.0.1 at 2011-12-29 12:49:01 +0100
Served asset /application.css - 200 OK (0ms)


Started GET "/assets/main.css?body=1" for 127.0.0.1 at 2011-12-29 12:49:01 +0100
Served asset /main.css - 200 OK (56ms)


Started GET "/assets/search.css?body=1" for 127.0.0.1 at 2011-12-29 12:49:02 +0100
Served asset /search.css - 200 OK (3ms)


Started GET "/assets/jquery.js?body=1" for 127.0.0.1 at 2011-12-29 12:49:02 +0100
Served asset /jquery.js - 200 OK (5ms)


Started GET "/assets/application.js?body=1" for 127.0.0.1 at 2011-12-29 12:49:02 +0100
Served asset /application.js - 200 OK (0ms)


Started GET "/assets/main.js?body=1" for 127.0.0.1 at 2011-12-29 12:49:02 +0100
Served asset /main.js - 200 OK (4ms)


Started GET "/assets/search.js?body=1" for 127.0.0.1 at 2011-12-29 12:49:02 +0100
Served asset /search.js - 200 OK (1ms)


Started GET "/assets/jquery_ujs.js?body=1" for 127.0.0.1 at 2011-12-29 12:49:02 +0100
Served asset /jquery_ujs.js - 200 OK (3ms)


Started GET "/" for 127.0.0.1 at 2011-12-29 12:50:43 +0100
  Processing by MainController#index as HTML
Rendered main/index.html.erb within layouts/application (1.8ms)
Completed 200 OK in 13ms (Views: 11.5ms | ActiveRecord: 0.0ms)


Started GET "/assets/application.css?body=1" for 127.0.0.1 at 2011-12-29 12:50:44 +0100
Served asset /application.css - 304 Not Modified (0ms)


Started GET "/assets/main.css?body=1" for 127.0.0.1 at 2011-12-29 12:50:44 +0100
Served asset /main.css - 304 Not Modified (0ms)


Started GET "/assets/search.css?body=1" for 127.0.0.1 at 2011-12-29 12:50:44 +0100
Served asset /search.css - 304 Not Modified (0ms)


Started GET "/assets/jquery_ujs.js?body=1" for 127.0.0.1 at 2011-12-29 12:50:44 +0100
Served asset /jquery_ujs.js - 304 Not Modified (0ms)


Started GET "/assets/jquery.js?body=1" for 127.0.0.1 at 2011-12-29 12:50:44 +0100
Served asset /jquery.js - 304 Not Modified (0ms)


Started GET "/assets/main.js?body=1" for 127.0.0.1 at 2011-12-29 12:50:44 +0100
Served asset /main.js - 304 Not Modified (0ms)


Started GET "/assets/search.js?body=1" for 127.0.0.1 at 2011-12-29 12:50:44 +0100
Served asset /search.js - 304 Not Modified (0ms)


Started GET "/assets/application.js?body=1" for 127.0.0.1 at 2011-12-29 12:50:44 +0100
Served asset /application.js - 304 Not Modified (0ms)


Started GET "/" for 127.0.0.1 at 2011-12-29 12:52:47 +0100
  Processing by MainController#index as HTML
Rendered main/index.html.erb within layouts/application (1.1ms)
Completed 200 OK in 13ms (Views: 12.9ms | ActiveRecord: 0.0ms)


Started GET "/assets/application.css?body=1" for 127.0.0.1 at 2011-12-29 12:52:48 +0100
Served asset /application.css - 304 Not Modified (0ms)


Started GET "/assets/main.css?body=1" for 127.0.0.1 at 2011-12-29 12:52:48 +0100
Served asset /main.css - 304 Not Modified (0ms)


Started GET "/assets/main.js?body=1" for 127.0.0.1 at 2011-12-29 12:52:48 +0100
Served asset /main.js - 304 Not Modified (0ms)


Started GET "/assets/jquery_ujs.js?body=1" for 127.0.0.1 at 2011-12-29 12:52:48 +0100
Served asset /jquery_ujs.js - 304 Not Modified (0ms)


Started GET "/assets/jquery.js?body=1" for 127.0.0.1 at 2011-12-29 12:52:48 +0100
Served asset /jquery.js - 304 Not Modified (0ms)


Started GET "/assets/search.css?body=1" for 127.0.0.1 at 2011-12-29 12:52:48 +0100
Served asset /search.css - 304 Not Modified (0ms)


Started GET "/assets/search.js?body=1" for 127.0.0.1 at 2011-12-29 12:52:48 +0100
Served asset /search.js - 304 Not Modified (0ms)


Started GET "/assets/application.js?body=1" for 127.0.0.1 at 2011-12-29 12:52:48 +0100
Served asset /application.js - 304 Not Modified (0ms)


Started GET "/" for 127.0.0.1 at 2011-12-29 12:57:22 +0100
  Processing by MainController#index as HTML
Rendered main/index.html.erb within layouts/application (1.8ms)
Completed 200 OK in 23ms (Views: 22.2ms | ActiveRecord: 0.0ms)


Started GET "/assets/application.css?body=1" for 127.0.0.1 at 2011-12-29 12:57:22 +0100
Served asset /application.css - 304 Not Modified (0ms)


Started GET "/assets/main.css?body=1" for 127.0.0.1 at 2011-12-29 12:57:22 +0100
Served asset /main.css - 304 Not Modified (0ms)


Started GET "/assets/jquery.js?body=1" for 127.0.0.1 at 2011-12-29 12:57:22 +0100
Served asset /jquery.js - 304 Not Modified (0ms)


Started GET "/assets/jquery_ujs.js?body=1" for 127.0.0.1 at 2011-12-29 12:57:22 +0100
Served asset /jquery_ujs.js - 304 Not Modified (1ms)


Started GET "/assets/search.css?body=1" for 127.0.0.1 at 2011-12-29 12:57:22 +0100
Served asset /search.css - 304 Not Modified (0ms)


Started GET "/assets/main.js?body=1" for 127.0.0.1 at 2011-12-29 12:57:22 +0100
Served asset /main.js - 304 Not Modified (0ms)


Started GET "/assets/search.js?body=1" for 127.0.0.1 at 2011-12-29 12:57:22 +0100
Served asset /search.js - 304 Not Modified (1ms)


Started GET "/assets/application.js?body=1" for 127.0.0.1 at 2011-12-29 12:57:22 +0100
Served asset /application.js - 304 Not Modified (0ms)


Started GET "/" for 127.0.0.1 at 2011-12-29 13:03:16 +0100
  Processing by MainController#index as HTML
Rendered main/index.html.erb within layouts/application (1.2ms)
Completed 200 OK in 14ms (Views: 13.9ms | ActiveRecord: 0.0ms)


Started GET "/assets/application.css?body=1" for 127.0.0.1 at 2011-12-29 13:03:16 +0100
Served asset /application.css - 304 Not Modified (0ms)


Started GET "/assets/main.css?body=1" for 127.0.0.1 at 2011-12-29 13:03:16 +0100
Served asset /main.css - 304 Not Modified (0ms)


Started GET "/assets/search.css?body=1" for 127.0.0.1 at 2011-12-29 13:03:16 +0100
Served asset /search.css - 304 Not Modified (0ms)


Started GET "/assets/jquery.js?body=1" for 127.0.0.1 at 2011-12-29 13:03:16 +0100
Served asset /jquery.js - 304 Not Modified (0ms)


Started GET "/assets/jquery_ujs.js?body=1" for 127.0.0.1 at 2011-12-29 13:03:16 +0100
Served asset /jquery_ujs.js - 304 Not Modified (0ms)


Started GET "/assets/main.js?body=1" for 127.0.0.1 at 2011-12-29 13:03:16 +0100
Served asset /main.js - 304 Not Modified (0ms)


Started GET "/assets/search.js?body=1" for 127.0.0.1 at 2011-12-29 13:03:16 +0100
Served asset /search.js - 304 Not Modified (0ms)


Started GET "/assets/application.js?body=1" for 127.0.0.1 at 2011-12-29 13:03:16 +0100
Served asset /application.js - 304 Not Modified (2ms)


Started GET "/" for 127.0.0.1 at 2011-12-29 13:04:40 +0100
  Processing by MainController#index as HTML
Rendered main/index.html.erb within layouts/application (2.4ms)
Completed 200 OK in 14ms (Views: 13.3ms | ActiveRecord: 0.0ms)


Started GET "/assets/application.css?body=1" for 127.0.0.1 at 2011-12-29 13:04:40 +0100
Served asset /application.css - 304 Not Modified (0ms)


Started GET "/assets/main.css?body=1" for 127.0.0.1 at 2011-12-29 13:04:40 +0100
Served asset /main.css - 304 Not Modified (0ms)


Started GET "/assets/jquery.js?body=1" for 127.0.0.1 at 2011-12-29 13:04:40 +0100
Served asset /jquery.js - 304 Not Modified (0ms)


Started GET "/assets/search.css?body=1" for 127.0.0.1 at 2011-12-29 13:04:40 +0100
Served asset /search.css - 304 Not Modified (0ms)


Started GET "/assets/application.js?body=1" for 127.0.0.1 at 2011-12-29 13:04:40 +0100
Served asset /application.js - 304 Not Modified (0ms)


Started GET "/assets/main.js?body=1" for 127.0.0.1 at 2011-12-29 13:04:40 +0100
Served asset /main.js - 304 Not Modified (0ms)


Started GET "/assets/search.js?body=1" for 127.0.0.1 at 2011-12-29 13:04:40 +0100
Served asset /search.js - 304 Not Modified (0ms)


Started GET "/assets/jquery_ujs.js?body=1" for 127.0.0.1 at 2011-12-29 13:04:40 +0100
Served asset /jquery_ujs.js - 304 Not Modified (0ms)
